<?xml version="1.0" encoding="UTF-8"?>
<robot generator="Robot 4.1 (Python 3.9.6 on win32)" generated="20210817 19:38:36.409" rpa="false" schemaversion="2">
<suite id="s1" name="Features" source="C:\Users\mtenorio\AutomationWebRobotFramework-\test\features">
<suite id="s1-s1" name="Login" source="C:\Users\mtenorio\AutomationWebRobotFramework-\test\features\login.robot">
<test id="s1-s1-t1" name="Cenario: Login com sucesso">
<kw name="Abrir sessão" library="setup" type="SETUP">
<kw name="Open Browser" library="SeleniumLibrary">
<arg>http://automationpractice.com/index.php</arg>
<arg>chrome</arg>
<doc>Opens a new browser instance to the optional ``url``.</doc>
<msg timestamp="20210817 19:38:36.631" level="INFO">Opening browser 'chrome' to base url 'http://automationpractice.com/index.php'.</msg>
<status status="PASS" starttime="20210817 19:38:36.631" endtime="20210817 19:38:42.064"/>
</kw>
<kw name="Set Selenium Timeout" library="SeleniumLibrary">
<arg>60</arg>
<doc>Sets the timeout that is used by various keywords.</doc>
<status status="PASS" starttime="20210817 19:38:42.064" endtime="20210817 19:38:42.067"/>
</kw>
<kw name="Maximize Browser Window" library="SeleniumLibrary">
<doc>Maximizes current browser window.</doc>
<status status="PASS" starttime="20210817 19:38:42.068" endtime="20210817 19:38:42.244"/>
</kw>
<status status="PASS" starttime="20210817 19:38:36.630" endtime="20210817 19:38:42.245"/>
</kw>
<kw name="Dado que o cliente está na tela inicial da aplicação" library="home_kws">
<kw name="Wait Until Element Is Visible" library="SeleniumLibrary">
<arg>${HOME.BOTAO_SIGNIN}</arg>
<doc>Waits until the element ``locator`` is visible.</doc>
<status status="PASS" starttime="20210817 19:38:42.249" endtime="20210817 19:38:42.341"/>
</kw>
<status status="PASS" starttime="20210817 19:38:42.248" endtime="20210817 19:38:42.341"/>
</kw>
<kw name="E acessar a tela de login" library="home_kws">
<kw name="Wait Until Element Is Visible" library="SeleniumLibrary">
<arg>${HOME.BOTAO_SIGNIN}</arg>
<doc>Waits until the element ``locator`` is visible.</doc>
<status status="PASS" starttime="20210817 19:38:42.342" endtime="20210817 19:38:42.370"/>
</kw>
<kw name="Click Element" library="SeleniumLibrary">
<arg>${HOME.BOTAO_SIGNIN}</arg>
<doc>Click the element identified by ``locator``.</doc>
<msg timestamp="20210817 19:38:42.371" level="INFO">Clicking element '//a[@class='login']'.</msg>
<status status="PASS" starttime="20210817 19:38:42.371" endtime="20210817 19:38:43.410"/>
</kw>
<status status="PASS" starttime="20210817 19:38:42.342" endtime="20210817 19:38:43.411"/>
</kw>
<kw name="Quando realizar login com sucesso" library="login_kws">
<kw name="Wait Until Element Is Visible" library="SeleniumLibrary">
<arg>${LOGIN.INPUT_EMAIL}</arg>
<doc>Waits until the element ``locator`` is visible.</doc>
<status status="PASS" starttime="20210817 19:38:43.413" endtime="20210817 19:38:44.139"/>
</kw>
<kw name="Input Text" library="SeleniumLibrary">
<arg>${LOGIN.INPUT_EMAIL}</arg>
<arg>rasafa9934@ovooovo.com</arg>
<doc>Types the given ``text`` into the text field identified by ``locator``.</doc>
<msg timestamp="20210817 19:38:44.140" level="INFO">Typing text 'rasafa9934@ovooovo.com' into text field '//input[@id='email']'.</msg>
<status status="PASS" starttime="20210817 19:38:44.139" endtime="20210817 19:38:44.309"/>
</kw>
<kw name="Input Text" library="SeleniumLibrary">
<arg>${LOGIN.INPUT_SENHA}</arg>
<arg>Teste@123</arg>
<doc>Types the given ``text`` into the text field identified by ``locator``.</doc>
<msg timestamp="20210817 19:38:44.311" level="INFO">Typing text 'Teste@123' into text field '//input[@id='passwd']'.</msg>
<status status="PASS" starttime="20210817 19:38:44.309" endtime="20210817 19:38:44.452"/>
</kw>
<kw name="Click Element" library="SeleniumLibrary">
<arg>${LOGIN.BOTAO_SIGNIN}</arg>
<doc>Click the element identified by ``locator``.</doc>
<msg timestamp="20210817 19:38:44.453" level="INFO">Clicking element 'SubmitLogin'.</msg>
<status status="PASS" starttime="20210817 19:38:44.452" endtime="20210817 19:38:45.816"/>
</kw>
<status status="PASS" starttime="20210817 19:38:43.412" endtime="20210817 19:38:45.816"/>
</kw>
<kw name="Então deve visualizar a tela MY ACCOUNT" library="minha_conta_kws">
<kw name="Wait Until Element Is Visible" library="SeleniumLibrary">
<arg>${MINHA_CONTA.TITULO}</arg>
<doc>Waits until the element ``locator`` is visible.</doc>
<status status="PASS" starttime="20210817 19:38:45.822" endtime="20210817 19:38:45.879"/>
</kw>
<kw name="Get Text" library="SeleniumLibrary">
<var>${TITULO_ATUAL}</var>
<arg>${MINHA_CONTA.TITULO}</arg>
<doc>Returns the text value of the element identified by ``locator``.</doc>
<msg timestamp="20210817 19:38:45.916" level="INFO">${TITULO_ATUAL} = MY ACCOUNT</msg>
<status status="PASS" starttime="20210817 19:38:45.879" endtime="20210817 19:38:45.916"/>
</kw>
<kw name="Should Be Equal" library="BuiltIn">
<arg>${TITULO_ATUAL}</arg>
<arg>MY ACCOUNT</arg>
<doc>Fails if the given objects are unequal.</doc>
<status status="PASS" starttime="20210817 19:38:45.916" endtime="20210817 19:38:45.916"/>
</kw>
<status status="PASS" starttime="20210817 19:38:45.821" endtime="20210817 19:38:45.916"/>
</kw>
<kw name="Encerrar sessão" library="setup" type="TEARDOWN">
<kw name="Capture Page Screenshot" library="SeleniumLibrary">
<doc>Takes a screenshot of the current page and embeds it into a log file.</doc>
<msg timestamp="20210817 19:38:46.119" level="INFO" html="true">&lt;/td&gt;&lt;/tr&gt;&lt;tr&gt;&lt;td colspan="3"&gt;&lt;a href="selenium-screenshot-3.png"&gt;&lt;img src="selenium-screenshot-3.png" width="800px"&gt;&lt;/a&gt;</msg>
<status status="PASS" starttime="20210817 19:38:45.918" endtime="20210817 19:38:46.119"/>
</kw>
<kw name="Close Browser" library="SeleniumLibrary">
<doc>Closes the current browser.</doc>
<status status="PASS" starttime="20210817 19:38:46.119" endtime="20210817 19:38:48.310"/>
</kw>
<status status="PASS" starttime="20210817 19:38:45.917" endtime="20210817 19:38:48.311"/>
</kw>
<status status="PASS" starttime="20210817 19:38:36.630" endtime="20210817 19:38:48.311"/>
</test>
<doc>Cenários de testes relacionado ao Login da aplicação</doc>
<status status="PASS" starttime="20210817 19:38:36.433" endtime="20210817 19:38:48.315"/>
</suite>
<status status="PASS" starttime="20210817 19:38:36.410" endtime="20210817 19:38:48.318"/>
</suite>
<statistics>
<total>
<stat pass="1" fail="0" skip="0">All Tests</stat>
</total>
<tag>
</tag>
<suite>
<stat pass="1" fail="0" skip="0" id="s1" name="Features">Features</stat>
<stat pass="1" fail="0" skip="0" id="s1-s1" name="Login">Features.Login</stat>
</suite>
</statistics>
<errors>
</errors>
</robot>
