<?xml version="1.0" encoding="UTF-8"?>
<robot generator="Robot 4.1 (Python 3.9.6 on win32)" generated="20210816 21:41:34.829" rpa="false" schemaversion="2">
<suite id="s1" name="Features" source="C:\Users\mtenorio\AutomationWebRobotFramework-\test\features">
<suite id="s1-s1" name="Login" source="C:\Users\mtenorio\AutomationWebRobotFramework-\test\features\login.robot">
<test id="s1-s1-t1" name="Cenario: Login com sucesso">
<kw name="Dado que o cliente está na tela inicial da aplicação" library="home_kws">
<kw name="Abrir a sessão" library="setup">
<kw name="Open Browser" library="SeleniumLibrary">
<arg>http://automationpractice.com/index.php</arg>
<arg>chrome</arg>
<doc>Opens a new browser instance to the optional ``url``.</doc>
<msg timestamp="20210816 21:41:35.076" level="INFO">Opening browser 'chrome' to base url 'http://automationpractice.com/index.php'.</msg>
<status status="PASS" starttime="20210816 21:41:35.075" endtime="20210816 21:41:42.074"/>
</kw>
<kw name="Set Selenium Timeout" library="SeleniumLibrary">
<arg>60</arg>
<doc>Sets the timeout that is used by various keywords.</doc>
<status status="PASS" starttime="20210816 21:41:42.074" endtime="20210816 21:41:42.077"/>
</kw>
<kw name="Maximize Browser Window" library="SeleniumLibrary">
<doc>Maximizes current browser window.</doc>
<status status="PASS" starttime="20210816 21:41:42.077" endtime="20210816 21:41:42.214"/>
</kw>
<status status="PASS" starttime="20210816 21:41:35.075" endtime="20210816 21:41:42.214"/>
</kw>
<kw name="Wait Until Element Is Visible" library="SeleniumLibrary">
<arg>${HOME.BOTAO_SIGNIN}</arg>
<doc>Waits until the element ``locator`` is visible.</doc>
<status status="PASS" starttime="20210816 21:41:42.215" endtime="20210816 21:41:42.257"/>
</kw>
<status status="PASS" starttime="20210816 21:41:35.074" endtime="20210816 21:41:42.257"/>
</kw>
<kw name="E acessar a tela de login" library="home_kws">
<kw name="Wait Until Element Is Visible" library="SeleniumLibrary">
<arg>${HOME.BOTAO_SIGNIN}</arg>
<doc>Waits until the element ``locator`` is visible.</doc>
<status status="PASS" starttime="20210816 21:41:42.258" endtime="20210816 21:41:42.284"/>
</kw>
<kw name="Click Element" library="SeleniumLibrary">
<arg>${HOME.BOTAO_SIGNIN}</arg>
<doc>Click the element identified by ``locator``.</doc>
<msg timestamp="20210816 21:41:42.285" level="INFO">Clicking element '//a[@class='login']'.</msg>
<status status="PASS" starttime="20210816 21:41:42.284" endtime="20210816 21:41:44.053"/>
</kw>
<status status="PASS" starttime="20210816 21:41:42.257" endtime="20210816 21:41:44.054"/>
</kw>
<kw name="Quando realizar login com sucesso" library="login_kws">
<kw name="Wait Until Element Is Visible" library="SeleniumLibrary">
<arg>${LOGIN.INPUT_EMAIL}</arg>
<doc>Waits until the element ``locator`` is visible.</doc>
<status status="PASS" starttime="20210816 21:41:44.056" endtime="20210816 21:41:44.099"/>
</kw>
<kw name="Input Text" library="SeleniumLibrary">
<arg>${LOGIN.INPUT_EMAIL}</arg>
<arg>rasafa9934@ovooovo.com</arg>
<doc>Types the given ``text`` into the text field identified by ``locator``.</doc>
<msg timestamp="20210816 21:41:44.101" level="INFO">Typing text 'rasafa9934@ovooovo.com' into text field '//input[@id='email']'.</msg>
<status status="PASS" starttime="20210816 21:41:44.100" endtime="20210816 21:41:44.241"/>
</kw>
<kw name="Input Text" library="SeleniumLibrary">
<arg>${LOGIN.INPUT_SENHA}</arg>
<arg>Teste@123</arg>
<doc>Types the given ``text`` into the text field identified by ``locator``.</doc>
<msg timestamp="20210816 21:41:44.242" level="INFO">Typing text 'Teste@123' into text field '//input[@id='passwd']'.</msg>
<status status="PASS" starttime="20210816 21:41:44.241" endtime="20210816 21:41:44.389"/>
</kw>
<kw name="Click Element" library="SeleniumLibrary">
<arg>${LOGIN.BOTAO_SIGNIN}</arg>
<doc>Click the element identified by ``locator``.</doc>
<msg timestamp="20210816 21:41:44.390" level="INFO">Clicking element 'SubmitLogin'.</msg>
<status status="PASS" starttime="20210816 21:41:44.389" endtime="20210816 21:41:47.186"/>
</kw>
<status status="PASS" starttime="20210816 21:41:44.055" endtime="20210816 21:41:47.186"/>
</kw>
<kw name="Então deve visualizar a tela MY ACCOUNT" library="minha_conta_kws">
<kw name="Wait Until Element Is Visible" library="SeleniumLibrary">
<arg>${MINHA_CONTA.TITULO}</arg>
<doc>Waits until the element ``locator`` is visible.</doc>
<status status="PASS" starttime="20210816 21:41:47.188" endtime="20210816 21:41:47.229"/>
</kw>
<kw name="Get Text" library="SeleniumLibrary">
<var>${TITULO_ATUAL}</var>
<arg>${MINHA_CONTA.TITULO}</arg>
<doc>Returns the text value of the element identified by ``locator``.</doc>
<msg timestamp="20210816 21:41:47.259" level="INFO">${TITULO_ATUAL} = MY ACCOUNT</msg>
<status status="PASS" starttime="20210816 21:41:47.229" endtime="20210816 21:41:47.259"/>
</kw>
<kw name="Should Be Equal" library="BuiltIn">
<arg>${TITULO_ATUAL}</arg>
<arg>MY ACCOUNT</arg>
<doc>Fails if the given objects are unequal.</doc>
<status status="PASS" starttime="20210816 21:41:47.259" endtime="20210816 21:41:47.259"/>
</kw>
<status status="PASS" starttime="20210816 21:41:47.187" endtime="20210816 21:41:47.260"/>
</kw>
<kw name="Encerrar sessão" library="setup">
<kw name="Capture Page Screenshot" library="SeleniumLibrary">
<doc>Takes a screenshot of the current page and embeds it into a log file.</doc>
<msg timestamp="20210816 21:41:47.456" level="INFO" html="true">&lt;/td&gt;&lt;/tr&gt;&lt;tr&gt;&lt;td colspan="3"&gt;&lt;a href="selenium-screenshot-2.png"&gt;&lt;img src="selenium-screenshot-2.png" width="800px"&gt;&lt;/a&gt;</msg>
<status status="PASS" starttime="20210816 21:41:47.261" endtime="20210816 21:41:47.456"/>
</kw>
<kw name="Close Browser" library="SeleniumLibrary">
<doc>Closes the current browser.</doc>
<status status="PASS" starttime="20210816 21:41:47.456" endtime="20210816 21:41:49.642"/>
</kw>
<status status="PASS" starttime="20210816 21:41:47.261" endtime="20210816 21:41:49.642"/>
</kw>
<status status="PASS" starttime="20210816 21:41:35.073" endtime="20210816 21:41:49.644"/>
</test>
<doc>Cenários de testes relacionado ao Login da aplicação</doc>
<status status="PASS" starttime="20210816 21:41:34.859" endtime="20210816 21:41:49.647"/>
</suite>
<status status="PASS" starttime="20210816 21:41:34.831" endtime="20210816 21:41:49.649"/>
</suite>
<statistics>
<total>
<stat pass="1" fail="0" skip="0">All Tests</stat>
</total>
<tag>
</tag>
<suite>
<stat pass="1" fail="0" skip="0" id="s1" name="Features">Features</stat>
<stat pass="1" fail="0" skip="0" id="s1-s1" name="Login">Features.Login</stat>
</suite>
</statistics>
<errors>
</errors>
</robot>
