<?xml version="1.0" encoding="UTF-8"?>
<robot generator="Robot 4.1 (Python 3.9.6 on win32)" generated="20210817 21:11:55.334" rpa="false" schemaversion="2">
<suite id="s1" name="Features" source="C:\Users\mtenorio\AutomationWebRobotFramework-\test\features">
<suite id="s1-s1" name="Login" source="C:\Users\mtenorio\AutomationWebRobotFramework-\test\features\login.robot">
<test id="s1-s1-t1" name="Cenario: Login com sucesso">
<kw name="Abrir sessão" library="setup" type="SETUP">
<kw name="Open Browser" library="SeleniumLibrary">
<arg>http://automationpractice.com/index.php</arg>
<arg>chrome</arg>
<doc>Opens a new browser instance to the optional ``url``.</doc>
<msg timestamp="20210817 21:11:55.599" level="INFO">Opening browser 'chrome' to base url 'http://automationpractice.com/index.php'.</msg>
<status status="PASS" starttime="20210817 21:11:55.599" endtime="20210817 21:12:00.640"/>
</kw>
<kw name="Set Selenium Timeout" library="SeleniumLibrary">
<arg>60</arg>
<doc>Sets the timeout that is used by various keywords.</doc>
<status status="PASS" starttime="20210817 21:12:00.641" endtime="20210817 21:12:00.644"/>
</kw>
<kw name="Maximize Browser Window" library="SeleniumLibrary">
<doc>Maximizes current browser window.</doc>
<status status="PASS" starttime="20210817 21:12:00.644" endtime="20210817 21:12:00.796"/>
</kw>
<status status="PASS" starttime="20210817 21:11:55.598" endtime="20210817 21:12:00.797"/>
</kw>
<kw name="Dado que o cliente está na tela inicial da aplicação" library="home_kws">
<kw name="Wait Until Element Is Visible" library="SeleniumLibrary">
<arg>${HOME.BOTAO_SIGNIN}</arg>
<doc>Waits until the element ``locator`` is visible.</doc>
<status status="PASS" starttime="20210817 21:12:00.797" endtime="20210817 21:12:00.829"/>
</kw>
<status status="PASS" starttime="20210817 21:12:00.797" endtime="20210817 21:12:00.829"/>
</kw>
<kw name="E acessar a tela de login" library="home_kws">
<kw name="Wait Until Element Is Visible" library="SeleniumLibrary">
<arg>${HOME.BOTAO_SIGNIN}</arg>
<doc>Waits until the element ``locator`` is visible.</doc>
<status status="PASS" starttime="20210817 21:12:00.830" endtime="20210817 21:12:00.855"/>
</kw>
<kw name="Click Element" library="SeleniumLibrary">
<arg>${HOME.BOTAO_SIGNIN}</arg>
<doc>Click the element identified by ``locator``.</doc>
<msg timestamp="20210817 21:12:00.857" level="INFO">Clicking element '//a[@class='login']'.</msg>
<status status="PASS" starttime="20210817 21:12:00.856" endtime="20210817 21:12:02.606"/>
</kw>
<status status="PASS" starttime="20210817 21:12:00.829" endtime="20210817 21:12:02.606"/>
</kw>
<kw name="Quando inserir os dados de login" library="login_kws">
<arg>rasafa9934@ovooovo.com</arg>
<arg>Teste@123</arg>
<kw name="Wait Until Element Is Visible" library="SeleniumLibrary">
<arg>${LOGIN.INPUT_EMAIL}</arg>
<doc>Waits until the element ``locator`` is visible.</doc>
<status status="PASS" starttime="20210817 21:12:02.608" endtime="20210817 21:12:02.644"/>
</kw>
<kw name="Input Text" library="SeleniumLibrary">
<arg>${LOGIN.INPUT_EMAIL}</arg>
<arg>${email}</arg>
<doc>Types the given ``text`` into the text field identified by ``locator``.</doc>
<msg timestamp="20210817 21:12:02.647" level="INFO">Typing text 'rasafa9934@ovooovo.com' into text field '//input[@id='email']'.</msg>
<status status="PASS" starttime="20210817 21:12:02.645" endtime="20210817 21:12:02.777"/>
</kw>
<kw name="Input Text" library="SeleniumLibrary">
<arg>${LOGIN.INPUT_SENHA}</arg>
<arg>${SENHA}</arg>
<doc>Types the given ``text`` into the text field identified by ``locator``.</doc>
<msg timestamp="20210817 21:12:02.778" level="INFO">Typing text 'Teste@123' into text field '//input[@id='passwd']'.</msg>
<status status="PASS" starttime="20210817 21:12:02.777" endtime="20210817 21:12:02.896"/>
</kw>
<status status="PASS" starttime="20210817 21:12:02.607" endtime="20210817 21:12:02.896"/>
</kw>
<kw name="E clicar no elemento" library="comum_kws">
<arg>${LOGIN.BOTAO_SIGNIN}</arg>
<kw name="Wait Until Element Is Visible" library="SeleniumLibrary">
<arg>${ELEMENTO}</arg>
<doc>Waits until the element ``locator`` is visible.</doc>
<status status="PASS" starttime="20210817 21:12:02.898" endtime="20210817 21:12:02.932"/>
</kw>
<kw name="Click Element" library="SeleniumLibrary">
<arg>${ELEMENTO}</arg>
<doc>Click the element identified by ``locator``.</doc>
<msg timestamp="20210817 21:12:02.932" level="INFO">Clicking element 'SubmitLogin'.</msg>
<status status="PASS" starttime="20210817 21:12:02.932" endtime="20210817 21:12:04.728"/>
</kw>
<status status="PASS" starttime="20210817 21:12:02.897" endtime="20210817 21:12:04.729"/>
</kw>
<kw name="Então deve visualizar a tela MY ACCOUNT" library="minha_conta_kws">
<kw name="Wait Until Element Is Visible" library="SeleniumLibrary">
<arg>${MINHA_CONTA.TITULO}</arg>
<doc>Waits until the element ``locator`` is visible.</doc>
<status status="PASS" starttime="20210817 21:12:04.730" endtime="20210817 21:12:04.777"/>
</kw>
<kw name="Get Text" library="SeleniumLibrary">
<var>${TITULO_ATUAL}</var>
<arg>${MINHA_CONTA.TITULO}</arg>
<doc>Returns the text value of the element identified by ``locator``.</doc>
<msg timestamp="20210817 21:12:04.800" level="INFO">${TITULO_ATUAL} = MY ACCOUNT</msg>
<status status="PASS" starttime="20210817 21:12:04.777" endtime="20210817 21:12:04.800"/>
</kw>
<kw name="Should Be Equal" library="BuiltIn">
<arg>${TITULO_ATUAL}</arg>
<arg>MY ACCOUNT</arg>
<doc>Fails if the given objects are unequal.</doc>
<status status="PASS" starttime="20210817 21:12:04.800" endtime="20210817 21:12:04.801"/>
</kw>
<status status="PASS" starttime="20210817 21:12:04.729" endtime="20210817 21:12:04.801"/>
</kw>
<kw name="Encerrar sessão" library="setup" type="TEARDOWN">
<kw name="Capture Page Screenshot" library="SeleniumLibrary">
<doc>Takes a screenshot of the current page and embeds it into a log file.</doc>
<msg timestamp="20210817 21:12:05.052" level="INFO" html="true">&lt;/td&gt;&lt;/tr&gt;&lt;tr&gt;&lt;td colspan="3"&gt;&lt;a href="selenium-screenshot-8.png"&gt;&lt;img src="selenium-screenshot-8.png" width="800px"&gt;&lt;/a&gt;</msg>
<status status="PASS" starttime="20210817 21:12:04.803" endtime="20210817 21:12:05.052"/>
</kw>
<kw name="Close Browser" library="SeleniumLibrary">
<doc>Closes the current browser.</doc>
<status status="PASS" starttime="20210817 21:12:05.052" endtime="20210817 21:12:07.233"/>
</kw>
<status status="PASS" starttime="20210817 21:12:04.802" endtime="20210817 21:12:07.233"/>
</kw>
<status status="PASS" starttime="20210817 21:11:55.597" endtime="20210817 21:12:07.234"/>
</test>
<test id="s1-s1-t2" name="Cenario: Login com credenciais inválido">
<kw name="Abrir sessão" library="setup" type="SETUP">
<kw name="Open Browser" library="SeleniumLibrary">
<arg>http://automationpractice.com/index.php</arg>
<arg>chrome</arg>
<doc>Opens a new browser instance to the optional ``url``.</doc>
<msg timestamp="20210817 21:12:07.242" level="INFO">Opening browser 'chrome' to base url 'http://automationpractice.com/index.php'.</msg>
<status status="PASS" starttime="20210817 21:12:07.242" endtime="20210817 21:12:14.260"/>
</kw>
<kw name="Set Selenium Timeout" library="SeleniumLibrary">
<arg>60</arg>
<doc>Sets the timeout that is used by various keywords.</doc>
<status status="PASS" starttime="20210817 21:12:14.260" endtime="20210817 21:12:14.262"/>
</kw>
<kw name="Maximize Browser Window" library="SeleniumLibrary">
<doc>Maximizes current browser window.</doc>
<status status="PASS" starttime="20210817 21:12:14.262" endtime="20210817 21:12:14.391"/>
</kw>
<status status="PASS" starttime="20210817 21:12:07.240" endtime="20210817 21:12:14.391"/>
</kw>
<kw name="Dado que o cliente está na tela inicial da aplicação" library="home_kws">
<kw name="Wait Until Element Is Visible" library="SeleniumLibrary">
<arg>${HOME.BOTAO_SIGNIN}</arg>
<doc>Waits until the element ``locator`` is visible.</doc>
<status status="PASS" starttime="20210817 21:12:14.393" endtime="20210817 21:12:14.432"/>
</kw>
<status status="PASS" starttime="20210817 21:12:14.392" endtime="20210817 21:12:14.432"/>
</kw>
<kw name="E acessar a tela de login" library="home_kws">
<kw name="Wait Until Element Is Visible" library="SeleniumLibrary">
<arg>${HOME.BOTAO_SIGNIN}</arg>
<doc>Waits until the element ``locator`` is visible.</doc>
<status status="PASS" starttime="20210817 21:12:14.433" endtime="20210817 21:12:14.463"/>
</kw>
<kw name="Click Element" library="SeleniumLibrary">
<arg>${HOME.BOTAO_SIGNIN}</arg>
<doc>Click the element identified by ``locator``.</doc>
<msg timestamp="20210817 21:12:14.464" level="INFO">Clicking element '//a[@class='login']'.</msg>
<status status="PASS" starttime="20210817 21:12:14.463" endtime="20210817 21:12:16.658"/>
</kw>
<status status="PASS" starttime="20210817 21:12:14.433" endtime="20210817 21:12:16.658"/>
</kw>
<kw name="Quando inserir os dados de login" library="login_kws">
<arg>salete@ovooovo.com</arg>
<arg>Teste@111</arg>
<kw name="Wait Until Element Is Visible" library="SeleniumLibrary">
<arg>${LOGIN.INPUT_EMAIL}</arg>
<doc>Waits until the element ``locator`` is visible.</doc>
<status status="PASS" starttime="20210817 21:12:16.661" endtime="20210817 21:12:16.696"/>
</kw>
<kw name="Input Text" library="SeleniumLibrary">
<arg>${LOGIN.INPUT_EMAIL}</arg>
<arg>${email}</arg>
<doc>Types the given ``text`` into the text field identified by ``locator``.</doc>
<msg timestamp="20210817 21:12:16.697" level="INFO">Typing text 'salete@ovooovo.com' into text field '//input[@id='email']'.</msg>
<status status="PASS" starttime="20210817 21:12:16.696" endtime="20210817 21:12:16.824"/>
</kw>
<kw name="Input Text" library="SeleniumLibrary">
<arg>${LOGIN.INPUT_SENHA}</arg>
<arg>${SENHA}</arg>
<doc>Types the given ``text`` into the text field identified by ``locator``.</doc>
<msg timestamp="20210817 21:12:16.825" level="INFO">Typing text 'Teste@111' into text field '//input[@id='passwd']'.</msg>
<status status="PASS" starttime="20210817 21:12:16.824" endtime="20210817 21:12:16.944"/>
</kw>
<status status="PASS" starttime="20210817 21:12:16.660" endtime="20210817 21:12:16.944"/>
</kw>
<kw name="E clicar no elemento" library="comum_kws">
<arg>${LOGIN.BOTAO_SIGNIN}</arg>
<kw name="Wait Until Element Is Visible" library="SeleniumLibrary">
<arg>${ELEMENTO}</arg>
<doc>Waits until the element ``locator`` is visible.</doc>
<status status="PASS" starttime="20210817 21:12:16.946" endtime="20210817 21:12:16.976"/>
</kw>
<kw name="Click Element" library="SeleniumLibrary">
<arg>${ELEMENTO}</arg>
<doc>Click the element identified by ``locator``.</doc>
<msg timestamp="20210817 21:12:16.977" level="INFO">Clicking element 'SubmitLogin'.</msg>
<status status="PASS" starttime="20210817 21:12:16.976" endtime="20210817 21:12:18.213"/>
</kw>
<status status="PASS" starttime="20210817 21:12:16.945" endtime="20210817 21:12:18.213"/>
</kw>
<kw name="Então deve visualizar a mensagem de erro" library="comum_kws">
<arg>${LOGIN.TEXTO_ERRO}</arg>
<arg>Authentication failed.</arg>
<kw name="Wait Until Element Is Visible" library="SeleniumLibrary">
<arg>${ELEMENTO}</arg>
<doc>Waits until the element ``locator`` is visible.</doc>
<status status="PASS" starttime="20210817 21:12:18.215" endtime="20210817 21:12:18.246"/>
</kw>
<kw name="Get Text" library="SeleniumLibrary">
<var>${MENSAGEM_ATUAL}</var>
<arg>${ELEMENTO}</arg>
<doc>Returns the text value of the element identified by ``locator``.</doc>
<msg timestamp="20210817 21:12:18.271" level="INFO">${MENSAGEM_ATUAL} = Authentication failed.</msg>
<status status="PASS" starttime="20210817 21:12:18.247" endtime="20210817 21:12:18.271"/>
</kw>
<kw name="Should Be Equal" library="BuiltIn">
<arg>${MENSAGEM_ATUAL}</arg>
<arg>${MENSAGEM_ESPERADA}</arg>
<doc>Fails if the given objects are unequal.</doc>
<status status="PASS" starttime="20210817 21:12:18.271" endtime="20210817 21:12:18.272"/>
</kw>
<status status="PASS" starttime="20210817 21:12:18.214" endtime="20210817 21:12:18.272"/>
</kw>
<kw name="Encerrar sessão" library="setup" type="TEARDOWN">
<kw name="Capture Page Screenshot" library="SeleniumLibrary">
<doc>Takes a screenshot of the current page and embeds it into a log file.</doc>
<msg timestamp="20210817 21:12:18.375" level="INFO" html="true">&lt;/td&gt;&lt;/tr&gt;&lt;tr&gt;&lt;td colspan="3"&gt;&lt;a href="selenium-screenshot-9.png"&gt;&lt;img src="selenium-screenshot-9.png" width="800px"&gt;&lt;/a&gt;</msg>
<status status="PASS" starttime="20210817 21:12:18.273" endtime="20210817 21:12:18.376"/>
</kw>
<kw name="Close Browser" library="SeleniumLibrary">
<doc>Closes the current browser.</doc>
<status status="PASS" starttime="20210817 21:12:18.376" endtime="20210817 21:12:20.545"/>
</kw>
<status status="PASS" starttime="20210817 21:12:18.273" endtime="20210817 21:12:20.545"/>
</kw>
<status status="PASS" starttime="20210817 21:12:07.238" endtime="20210817 21:12:20.547"/>
</test>
<doc>Cenários de testes relacionado ao Login da aplicação</doc>
<status status="PASS" starttime="20210817 21:11:55.365" endtime="20210817 21:12:20.549"/>
</suite>
<status status="PASS" starttime="20210817 21:11:55.336" endtime="20210817 21:12:20.554"/>
</suite>
<statistics>
<total>
<stat pass="2" fail="0" skip="0">All Tests</stat>
</total>
<tag>
</tag>
<suite>
<stat pass="2" fail="0" skip="0" id="s1" name="Features">Features</stat>
<stat pass="2" fail="0" skip="0" id="s1-s1" name="Login">Features.Login</stat>
</suite>
</statistics>
<errors>
</errors>
</robot>
